<?xml version="1.0" encoding="UTF-8"?>
<testsuite xmlns:xsi="http://www.w3.org/2001/XMLSchema-instance" xsi:noNamespaceSchemaLocation="https://maven.apache.org/surefire/maven-surefire-plugin/xsd/surefire-test-report.xsd" version="3.0.2" name="TestSuite" time="43.256" tests="6" errors="0" skipped="0" failures="1">
  <properties>
    <property name="sun.desktop" value="windows"/>
    <property name="awt.toolkit" value="sun.awt.windows.WToolkit"/>
    <property name="java.specification.version" value="11"/>
    <property name="sun.cpu.isalist" value="amd64"/>
    <property name="sun.jnu.encoding" value="Cp1252"/>
    <property name="java.class.path" value="E:\Credence\automation\OpencartV121\target\test-classes;E:\Credence\automation\OpencartV121\target\classes;C:\Users\AKASH\.m2\repository\org\seleniumhq\selenium\selenium-java\4.25.0\selenium-java-4.25.0.jar;C:\Users\AKASH\.m2\repository\org\seleniumhq\selenium\selenium-api\4.25.0\selenium-api-4.25.0.jar;C:\Users\AKASH\.m2\repository\org\jspecify\jspecify\1.0.0\jspecify-1.0.0.jar;C:\Users\AKASH\.m2\repository\org\seleniumhq\selenium\selenium-chrome-driver\4.25.0\selenium-chrome-driver-4.25.0.jar;C:\Users\AKASH\.m2\repository\com\google\auto\service\auto-service-annotations\1.1.1\auto-service-annotations-1.1.1.jar;C:\Users\AKASH\.m2\repository\org\seleniumhq\selenium\selenium-chromium-driver\4.25.0\selenium-chromium-driver-4.25.0.jar;C:\Users\AKASH\.m2\repository\org\seleniumhq\selenium\selenium-json\4.25.0\selenium-json-4.25.0.jar;C:\Users\AKASH\.m2\repository\org\seleniumhq\selenium\selenium-manager\4.25.0\selenium-manager-4.25.0.jar;C:\Users\AKASH\.m2\repository\org\seleniumhq\selenium\selenium-devtools-v127\4.25.0\selenium-devtools-v127-4.25.0.jar;C:\Users\AKASH\.m2\repository\org\seleniumhq\selenium\selenium-devtools-v128\4.25.0\selenium-devtools-v128-4.25.0.jar;C:\Users\AKASH\.m2\repository\org\seleniumhq\selenium\selenium-devtools-v129\4.25.0\selenium-devtools-v129-4.25.0.jar;C:\Users\AKASH\.m2\repository\org\seleniumhq\selenium\selenium-devtools-v85\4.25.0\selenium-devtools-v85-4.25.0.jar;C:\Users\AKASH\.m2\repository\org\seleniumhq\selenium\selenium-edge-driver\4.25.0\selenium-edge-driver-4.25.0.jar;C:\Users\AKASH\.m2\repository\org\seleniumhq\selenium\selenium-firefox-driver\4.25.0\selenium-firefox-driver-4.25.0.jar;C:\Users\AKASH\.m2\repository\org\seleniumhq\selenium\selenium-http\4.25.0\selenium-http-4.25.0.jar;C:\Users\AKASH\.m2\repository\dev\failsafe\failsafe\3.3.2\failsafe-3.3.2.jar;C:\Users\AKASH\.m2\repository\org\seleniumhq\selenium\selenium-ie-driver\4.25.0\selenium-ie-driver-4.25.0.jar;C:\Users\AKASH\.m2\repository\org\seleniumhq\selenium\selenium-remote-driver\4.25.0\selenium-remote-driver-4.25.0.jar;C:\Users\AKASH\.m2\repository\com\google\guava\guava\33.3.0-jre\guava-33.3.0-jre.jar;C:\Users\AKASH\.m2\repository\com\google\guava\failureaccess\1.0.2\failureaccess-1.0.2.jar;C:\Users\AKASH\.m2\repository\com\google\guava\listenablefuture\9999.0-empty-to-avoid-conflict-with-guava\listenablefuture-9999.0-empty-to-avoid-conflict-with-guava.jar;C:\Users\AKASH\.m2\repository\com\google\code\findbugs\jsr305\3.0.2\jsr305-3.0.2.jar;C:\Users\AKASH\.m2\repository\org\checkerframework\checker-qual\3.43.0\checker-qual-3.43.0.jar;C:\Users\AKASH\.m2\repository\com\google\errorprone\error_prone_annotations\2.28.0\error_prone_annotations-2.28.0.jar;C:\Users\AKASH\.m2\repository\com\google\j2objc\j2objc-annotations\3.0.0\j2objc-annotations-3.0.0.jar;C:\Users\AKASH\.m2\repository\io\opentelemetry\semconv\opentelemetry-semconv\1.25.0-alpha\opentelemetry-semconv-1.25.0-alpha.jar;C:\Users\AKASH\.m2\repository\io\opentelemetry\opentelemetry-api\1.42.1\opentelemetry-api-1.42.1.jar;C:\Users\AKASH\.m2\repository\io\opentelemetry\opentelemetry-context\1.42.1\opentelemetry-context-1.42.1.jar;C:\Users\AKASH\.m2\repository\io\opentelemetry\opentelemetry-exporter-logging\1.42.1\opentelemetry-exporter-logging-1.42.1.jar;C:\Users\AKASH\.m2\repository\io\opentelemetry\opentelemetry-sdk-common\1.42.1\opentelemetry-sdk-common-1.42.1.jar;C:\Users\AKASH\.m2\repository\io\opentelemetry\opentelemetry-sdk-extension-autoconfigure-spi\1.42.1\opentelemetry-sdk-extension-autoconfigure-spi-1.42.1.jar;C:\Users\AKASH\.m2\repository\io\opentelemetry\opentelemetry-sdk-extension-autoconfigure\1.42.1\opentelemetry-sdk-extension-autoconfigure-1.42.1.jar;C:\Users\AKASH\.m2\repository\io\opentelemetry\opentelemetry-api-incubator\1.42.1-alpha\opentelemetry-api-incubator-1.42.1-alpha.jar;C:\Users\AKASH\.m2\repository\io\opentelemetry\opentelemetry-sdk-trace\1.42.1\opentelemetry-sdk-trace-1.42.1.jar;C:\Users\AKASH\.m2\repository\io\opentelemetry\opentelemetry-sdk\1.42.1\opentelemetry-sdk-1.42.1.jar;C:\Users\AKASH\.m2\repository\io\opentelemetry\opentelemetry-sdk-metrics\1.42.1\opentelemetry-sdk-metrics-1.42.1.jar;C:\Users\AKASH\.m2\repository\io\opentelemetry\opentelemetry-sdk-logs\1.42.1\opentelemetry-sdk-logs-1.42.1.jar;C:\Users\AKASH\.m2\repository\net\bytebuddy\byte-buddy\1.15.1\byte-buddy-1.15.1.jar;C:\Users\AKASH\.m2\repository\org\seleniumhq\selenium\selenium-os\4.25.0\selenium-os-4.25.0.jar;C:\Users\AKASH\.m2\repository\org\apache\commons\commons-exec\1.4.0\commons-exec-1.4.0.jar;C:\Users\AKASH\.m2\repository\org\seleniumhq\selenium\selenium-safari-driver\4.25.0\selenium-safari-driver-4.25.0.jar;C:\Users\AKASH\.m2\repository\org\seleniumhq\selenium\selenium-support\4.25.0\selenium-support-4.25.0.jar;C:\Users\AKASH\.m2\repository\org\testng\testng\7.10.2\testng-7.10.2.jar;C:\Users\AKASH\.m2\repository\org\slf4j\slf4j-api\1.7.36\slf4j-api-1.7.36.jar;C:\Users\AKASH\.m2\repository\com\beust\jcommander\1.82\jcommander-1.82.jar;C:\Users\AKASH\.m2\repository\org\webjars\jquery\3.7.1\jquery-3.7.1.jar;C:\Users\AKASH\.m2\repository\org\apache\commons\commons-email\1.6.0\commons-email-1.6.0.jar;C:\Users\AKASH\.m2\repository\com\sun\mail\jakarta.mail\1.6.7\jakarta.mail-1.6.7.jar;C:\Users\AKASH\.m2\repository\com\sun\activation\jakarta.activation\1.2.1\jakarta.activation-1.2.1.jar;C:\Users\AKASH\.m2\repository\org\apache\commons\commons-lang3\3.17.0\commons-lang3-3.17.0.jar;C:\Users\AKASH\.m2\repository\org\apache\logging\log4j\log4j-core\2.24.1\log4j-core-2.24.1.jar;C:\Users\AKASH\.m2\repository\org\apache\logging\log4j\log4j-api\2.24.1\log4j-api-2.24.1.jar;C:\Users\AKASH\.m2\repository\org\apache\logging\log4j\log4j-slf4j-impl\2.24.1\log4j-slf4j-impl-2.24.1.jar;C:\Users\AKASH\.m2\repository\org\apache\poi\poi\5.3.0\poi-5.3.0.jar;C:\Users\AKASH\.m2\repository\commons-codec\commons-codec\1.17.0\commons-codec-1.17.0.jar;C:\Users\AKASH\.m2\repository\org\apache\commons\commons-collections4\4.4\commons-collections4-4.4.jar;C:\Users\AKASH\.m2\repository\org\apache\commons\commons-math3\3.6.1\commons-math3-3.6.1.jar;C:\Users\AKASH\.m2\repository\commons-io\commons-io\2.16.1\commons-io-2.16.1.jar;C:\Users\AKASH\.m2\repository\com\zaxxer\SparseBitSet\1.3\SparseBitSet-1.3.jar;C:\Users\AKASH\.m2\repository\org\apache\poi\poi-ooxml\5.3.0\poi-ooxml-5.3.0.jar;C:\Users\AKASH\.m2\repository\org\apache\poi\poi-ooxml-lite\5.3.0\poi-ooxml-lite-5.3.0.jar;C:\Users\AKASH\.m2\repository\org\apache\xmlbeans\xmlbeans\5.2.1\xmlbeans-5.2.1.jar;C:\Users\AKASH\.m2\repository\org\apache\commons\commons-compress\1.26.2\commons-compress-1.26.2.jar;C:\Users\AKASH\.m2\repository\com\github\virtuald\curvesapi\1.08\curvesapi-1.08.jar;C:\Users\AKASH\.m2\repository\com\aventstack\extentreports\5.1.2\extentreports-5.1.2.jar;C:\Users\AKASH\.m2\repository\io\reactivex\rxjava3\rxjava\3.1.6\rxjava-3.1.6.jar;C:\Users\AKASH\.m2\repository\org\reactivestreams\reactive-streams\1.0.4\reactive-streams-1.0.4.jar;C:\Users\AKASH\.m2\repository\org\freemarker\freemarker\2.3.32\freemarker-2.3.32.jar;C:\Users\AKASH\.m2\repository\org\projectlombok\lombok\1.18.26\lombok-1.18.26.jar;C:\Users\AKASH\.m2\repository\com\google\code\gson\gson\2.10.1\gson-2.10.1.jar;"/>
    <property name="sun.awt.enableExtraMouseButtons" value="true"/>
    <property name="java.vm.vendor" value="Oracle Corporation"/>
    <property name="sun.arch.data.model" value="64"/>
    <property name="user.variant" value=""/>
    <property name="java.vendor.url" value="https://openjdk.java.net/"/>
    <property name="user.timezone" value="Asia/Calcutta"/>
    <property name="java.vm.specification.version" value="11"/>
    <property name="os.name" value="Windows 11"/>
    <property name="sun.java.launcher" value="SUN_STANDARD"/>
    <property name="user.country" value="IN"/>
    <property name="sun.boot.library.path" value="C:\Program Files\Java\jdk-11.0.16.1\bin"/>
    <property name="sun.java.command" value="C:\Users\AKASH\AppData\Local\Temp\surefire17871105539719102942\surefirebooter-20241109130402800_3.jar C:\Users\AKASH\AppData\Local\Temp\surefire17871105539719102942 2024-11-09T13-04-02_579-jvmRun1 surefire-20241109130402800_1tmp surefire_0-20241109130402800_2tmp"/>
    <property name="jdk.debug" value="release"/>
    <property name="surefire.test.class.path" value="E:\Credence\automation\OpencartV121\target\test-classes;E:\Credence\automation\OpencartV121\target\classes;C:\Users\AKASH\.m2\repository\org\seleniumhq\selenium\selenium-java\4.25.0\selenium-java-4.25.0.jar;C:\Users\AKASH\.m2\repository\org\seleniumhq\selenium\selenium-api\4.25.0\selenium-api-4.25.0.jar;C:\Users\AKASH\.m2\repository\org\jspecify\jspecify\1.0.0\jspecify-1.0.0.jar;C:\Users\AKASH\.m2\repository\org\seleniumhq\selenium\selenium-chrome-driver\4.25.0\selenium-chrome-driver-4.25.0.jar;C:\Users\AKASH\.m2\repository\com\google\auto\service\auto-service-annotations\1.1.1\auto-service-annotations-1.1.1.jar;C:\Users\AKASH\.m2\repository\org\seleniumhq\selenium\selenium-chromium-driver\4.25.0\selenium-chromium-driver-4.25.0.jar;C:\Users\AKASH\.m2\repository\org\seleniumhq\selenium\selenium-json\4.25.0\selenium-json-4.25.0.jar;C:\Users\AKASH\.m2\repository\org\seleniumhq\selenium\selenium-manager\4.25.0\selenium-manager-4.25.0.jar;C:\Users\AKASH\.m2\repository\org\seleniumhq\selenium\selenium-devtools-v127\4.25.0\selenium-devtools-v127-4.25.0.jar;C:\Users\AKASH\.m2\repository\org\seleniumhq\selenium\selenium-devtools-v128\4.25.0\selenium-devtools-v128-4.25.0.jar;C:\Users\AKASH\.m2\repository\org\seleniumhq\selenium\selenium-devtools-v129\4.25.0\selenium-devtools-v129-4.25.0.jar;C:\Users\AKASH\.m2\repository\org\seleniumhq\selenium\selenium-devtools-v85\4.25.0\selenium-devtools-v85-4.25.0.jar;C:\Users\AKASH\.m2\repository\org\seleniumhq\selenium\selenium-edge-driver\4.25.0\selenium-edge-driver-4.25.0.jar;C:\Users\AKASH\.m2\repository\org\seleniumhq\selenium\selenium-firefox-driver\4.25.0\selenium-firefox-driver-4.25.0.jar;C:\Users\AKASH\.m2\repository\org\seleniumhq\selenium\selenium-http\4.25.0\selenium-http-4.25.0.jar;C:\Users\AKASH\.m2\repository\dev\failsafe\failsafe\3.3.2\failsafe-3.3.2.jar;C:\Users\AKASH\.m2\repository\org\seleniumhq\selenium\selenium-ie-driver\4.25.0\selenium-ie-driver-4.25.0.jar;C:\Users\AKASH\.m2\repository\org\seleniumhq\selenium\selenium-remote-driver\4.25.0\selenium-remote-driver-4.25.0.jar;C:\Users\AKASH\.m2\repository\com\google\guava\guava\33.3.0-jre\guava-33.3.0-jre.jar;C:\Users\AKASH\.m2\repository\com\google\guava\failureaccess\1.0.2\failureaccess-1.0.2.jar;C:\Users\AKASH\.m2\repository\com\google\guava\listenablefuture\9999.0-empty-to-avoid-conflict-with-guava\listenablefuture-9999.0-empty-to-avoid-conflict-with-guava.jar;C:\Users\AKASH\.m2\repository\com\google\code\findbugs\jsr305\3.0.2\jsr305-3.0.2.jar;C:\Users\AKASH\.m2\repository\org\checkerframework\checker-qual\3.43.0\checker-qual-3.43.0.jar;C:\Users\AKASH\.m2\repository\com\google\errorprone\error_prone_annotations\2.28.0\error_prone_annotations-2.28.0.jar;C:\Users\AKASH\.m2\repository\com\google\j2objc\j2objc-annotations\3.0.0\j2objc-annotations-3.0.0.jar;C:\Users\AKASH\.m2\repository\io\opentelemetry\semconv\opentelemetry-semconv\1.25.0-alpha\opentelemetry-semconv-1.25.0-alpha.jar;C:\Users\AKASH\.m2\repository\io\opentelemetry\opentelemetry-api\1.42.1\opentelemetry-api-1.42.1.jar;C:\Users\AKASH\.m2\repository\io\opentelemetry\opentelemetry-context\1.42.1\opentelemetry-context-1.42.1.jar;C:\Users\AKASH\.m2\repository\io\opentelemetry\opentelemetry-exporter-logging\1.42.1\opentelemetry-exporter-logging-1.42.1.jar;C:\Users\AKASH\.m2\repository\io\opentelemetry\opentelemetry-sdk-common\1.42.1\opentelemetry-sdk-common-1.42.1.jar;C:\Users\AKASH\.m2\repository\io\opentelemetry\opentelemetry-sdk-extension-autoconfigure-spi\1.42.1\opentelemetry-sdk-extension-autoconfigure-spi-1.42.1.jar;C:\Users\AKASH\.m2\repository\io\opentelemetry\opentelemetry-sdk-extension-autoconfigure\1.42.1\opentelemetry-sdk-extension-autoconfigure-1.42.1.jar;C:\Users\AKASH\.m2\repository\io\opentelemetry\opentelemetry-api-incubator\1.42.1-alpha\opentelemetry-api-incubator-1.42.1-alpha.jar;C:\Users\AKASH\.m2\repository\io\opentelemetry\opentelemetry-sdk-trace\1.42.1\opentelemetry-sdk-trace-1.42.1.jar;C:\Users\AKASH\.m2\repository\io\opentelemetry\opentelemetry-sdk\1.42.1\opentelemetry-sdk-1.42.1.jar;C:\Users\AKASH\.m2\repository\io\opentelemetry\opentelemetry-sdk-metrics\1.42.1\opentelemetry-sdk-metrics-1.42.1.jar;C:\Users\AKASH\.m2\repository\io\opentelemetry\opentelemetry-sdk-logs\1.42.1\opentelemetry-sdk-logs-1.42.1.jar;C:\Users\AKASH\.m2\repository\net\bytebuddy\byte-buddy\1.15.1\byte-buddy-1.15.1.jar;C:\Users\AKASH\.m2\repository\org\seleniumhq\selenium\selenium-os\4.25.0\selenium-os-4.25.0.jar;C:\Users\AKASH\.m2\repository\org\apache\commons\commons-exec\1.4.0\commons-exec-1.4.0.jar;C:\Users\AKASH\.m2\repository\org\seleniumhq\selenium\selenium-safari-driver\4.25.0\selenium-safari-driver-4.25.0.jar;C:\Users\AKASH\.m2\repository\org\seleniumhq\selenium\selenium-support\4.25.0\selenium-support-4.25.0.jar;C:\Users\AKASH\.m2\repository\org\testng\testng\7.10.2\testng-7.10.2.jar;C:\Users\AKASH\.m2\repository\org\slf4j\slf4j-api\1.7.36\slf4j-api-1.7.36.jar;C:\Users\AKASH\.m2\repository\com\beust\jcommander\1.82\jcommander-1.82.jar;C:\Users\AKASH\.m2\repository\org\webjars\jquery\3.7.1\jquery-3.7.1.jar;C:\Users\AKASH\.m2\repository\org\apache\commons\commons-email\1.6.0\commons-email-1.6.0.jar;C:\Users\AKASH\.m2\repository\com\sun\mail\jakarta.mail\1.6.7\jakarta.mail-1.6.7.jar;C:\Users\AKASH\.m2\repository\com\sun\activation\jakarta.activation\1.2.1\jakarta.activation-1.2.1.jar;C:\Users\AKASH\.m2\repository\org\apache\commons\commons-lang3\3.17.0\commons-lang3-3.17.0.jar;C:\Users\AKASH\.m2\repository\org\apache\logging\log4j\log4j-core\2.24.1\log4j-core-2.24.1.jar;C:\Users\AKASH\.m2\repository\org\apache\logging\log4j\log4j-api\2.24.1\log4j-api-2.24.1.jar;C:\Users\AKASH\.m2\repository\org\apache\logging\log4j\log4j-slf4j-impl\2.24.1\log4j-slf4j-impl-2.24.1.jar;C:\Users\AKASH\.m2\repository\org\apache\poi\poi\5.3.0\poi-5.3.0.jar;C:\Users\AKASH\.m2\repository\commons-codec\commons-codec\1.17.0\commons-codec-1.17.0.jar;C:\Users\AKASH\.m2\repository\org\apache\commons\commons-collections4\4.4\commons-collections4-4.4.jar;C:\Users\AKASH\.m2\repository\org\apache\commons\commons-math3\3.6.1\commons-math3-3.6.1.jar;C:\Users\AKASH\.m2\repository\commons-io\commons-io\2.16.1\commons-io-2.16.1.jar;C:\Users\AKASH\.m2\repository\com\zaxxer\SparseBitSet\1.3\SparseBitSet-1.3.jar;C:\Users\AKASH\.m2\repository\org\apache\poi\poi-ooxml\5.3.0\poi-ooxml-5.3.0.jar;C:\Users\AKASH\.m2\repository\org\apache\poi\poi-ooxml-lite\5.3.0\poi-ooxml-lite-5.3.0.jar;C:\Users\AKASH\.m2\repository\org\apache\xmlbeans\xmlbeans\5.2.1\xmlbeans-5.2.1.jar;C:\Users\AKASH\.m2\repository\org\apache\commons\commons-compress\1.26.2\commons-compress-1.26.2.jar;C:\Users\AKASH\.m2\repository\com\github\virtuald\curvesapi\1.08\curvesapi-1.08.jar;C:\Users\AKASH\.m2\repository\com\aventstack\extentreports\5.1.2\extentreports-5.1.2.jar;C:\Users\AKASH\.m2\repository\io\reactivex\rxjava3\rxjava\3.1.6\rxjava-3.1.6.jar;C:\Users\AKASH\.m2\repository\org\reactivestreams\reactive-streams\1.0.4\reactive-streams-1.0.4.jar;C:\Users\AKASH\.m2\repository\org\freemarker\freemarker\2.3.32\freemarker-2.3.32.jar;C:\Users\AKASH\.m2\repository\org\projectlombok\lombok\1.18.26\lombok-1.18.26.jar;C:\Users\AKASH\.m2\repository\com\google\code\gson\gson\2.10.1\gson-2.10.1.jar;"/>
    <property name="sun.cpu.endian" value="little"/>
    <property name="user.home" value="C:\Users\AKASH"/>
    <property name="user.language" value="en"/>
    <property name="java.specification.vendor" value="Oracle Corporation"/>
    <property name="java.version.date" value="2022-08-18"/>
    <property name="java.home" value="C:\Program Files\Java\jdk-11.0.16.1"/>
    <property name="file.separator" value="\"/>
    <property name="basedir" value="E:\Credence\automation\OpencartV121"/>
    <property name="java.vm.compressedOopsMode" value="32-bit"/>
    <property name="line.separator" value="&#10;"/>
    <property name="java.specification.name" value="Java Platform API Specification"/>
    <property name="java.vm.specification.vendor" value="Oracle Corporation"/>
    <property name="java.awt.graphicsenv" value="sun.awt.Win32GraphicsEnvironment"/>
    <property name="surefire.real.class.path" value="C:\Users\AKASH\AppData\Local\Temp\surefire17871105539719102942\surefirebooter-20241109130402800_3.jar"/>
    <property name="user.script" value=""/>
    <property name="sun.management.compiler" value="HotSpot 64-Bit Tiered Compilers"/>
    <property name="java.runtime.version" value="11.0.16.1+1-LTS-1"/>
    <property name="user.name" value="AKASH"/>
    <property name="path.separator" value=";"/>
    <property name="os.version" value="10.0"/>
    <property name="java.runtime.name" value="Java(TM) SE Runtime Environment"/>
    <property name="file.encoding" value="Cp1252"/>
    <property name="java.vm.name" value="Java HotSpot(TM) 64-Bit Server VM"/>
    <property name="java.vendor.version" value="18.9"/>
    <property name="localRepository" value="C:\Users\AKASH\.m2\repository"/>
    <property name="java.vendor.url.bug" value="https://bugreport.java.com/bugreport/"/>
    <property name="java.io.tmpdir" value="C:\Users\AKASH\AppData\Local\Temp\"/>
    <property name="java.version" value="11.0.16.1"/>
    <property name="user.dir" value="E:\Credence\automation\OpencartV121"/>
    <property name="os.arch" value="amd64"/>
    <property name="java.vm.specification.name" value="Java Virtual Machine Specification"/>
    <property name="java.awt.printerjob" value="sun.awt.windows.WPrinterJob"/>
    <property name="sun.os.patch.level" value=""/>
    <property name="java.library.path" value="C:\Program Files\Java\jdk-11.0.16.1\bin;C:\WINDOWS\Sun\Java\bin;C:\WINDOWS\system32;C:\WINDOWS;C:\oraclexe\app\oracle\product\10.2.0\server\bin;C:\Program Files\Java\jdk-11.0.16.1\bin;C:\Program Files\Common Files\Oracle\Java\javapath;C:\WINDOWS\system32;C:\WINDOWS;C:\WINDOWS\System32\Wbem;C:\WINDOWS\System32\WindowsPowerShell\v1.0\;C:\WINDOWS\System32\OpenSSH\;C:\Program Files\dotnet\;C:\TDM-GCC-32\bin;C:\Program Files (x86)\Microsoft VS Code\bin;C:\Program Files\nodejs\;C:\Program Files (x86)\Microsoft SQL Server\160\Tools\Binn\;C:\Program Files\Microsoft SQL Server\160\Tools\Binn\;C:\Program Files\Microsoft SQL Server\Client SDK\ODBC\170\Tools\Binn\;C:\Program Files\Microsoft SQL Server\160\DTS\Binn\;C:\Program Files (x86)\Microsoft SQL Server\160\DTS\Binn\;C:\Program Files\Azure Data Studio\bin;C:\Program Files\Microsoft SQL Server\150\Tools\Binn\;C:\Program Files\Microsoft SQL Server\130\DTS\Binn\;C:\Program Files\Microsoft SQL Server\140\DTS\Binn\;C:\Program Files\Microsoft SQL Server\150\DTS\Binn\;C:\Users\AKASH\AppData\Local\Programs\Python\Python311\Scripts\;C:\Users\AKASH\AppData\Local\Programs\Python\Python311\;C:\Program Files\Java\jdk-11.0.16.1\bin;D:\DBI\DATA\mongodb-database-tools-windows-x86_64-100.6.0\bin;C:\Program Files\MySQL\MySQL Shell 8.0\bin\;C:\Users\AKASH\AppData\Local\Microsoft\WindowsApps;C:\Program Files\MongoDB\Server\5.0\bin;C:\Users\AKASH\AppData\Roaming\npm;C:\Users\AKASH\.dotnet\tools;C:\Program Files\Git\bin;C:\Program Files\Azure Data Studio\bin;E:\Credence\Python\Pycharm_Installation\PyCharm Community Edition 2023.3.2\bin;;C:\allure-2.27.0\bin;C:\Program Files (x86)\apache-maven-3.9.9\bin;;."/>
    <property name="java.vendor" value="Oracle Corporation"/>
    <property name="java.vm.info" value="mixed mode"/>
    <property name="java.vm.version" value="11.0.16.1+1-LTS-1"/>
    <property name="sun.io.unicode.encoding" value="UnicodeLittle"/>
    <property name="java.class.version" value="55.0"/>
  </properties>
  <testcase name="verfiy_RegistrationTest" classname="testCases.TC_00_RegistrationTest" time="2.789">
    <system-out><![CDATA[before local: local
local
]]></system-out>
    <system-err><![CDATA[Nov 09, 2024 1:04:06 PM org.openqa.selenium.devtools.CdpVersionFinder findNearestMatch
WARNING: Unable to find an exact match for CDP version 130, returning the closest version; found: 129; Please update to a Selenium version that supports CDP version 130
]]></system-err>
  </testcase>
  <testcase name="verify_loginDDT[pavanoltraining@gmail.com, test@123, Invalid](1)" classname="testCases.TC_01_LoginDDT" time="10.997">
    <system-out><![CDATA[before local: local
local
]]></system-out>
    <system-err><![CDATA[Nov 09, 2024 1:04:11 PM org.openqa.selenium.devtools.CdpVersionFinder findNearestMatch
WARNING: Unable to find an exact match for CDP version 130, returning the closest version; found: 129; Please update to a Selenium version that supports CDP version 130
]]></system-err>
  </testcase>
  <testcase name="verify_loginDDT[lakshmi@yahoo.com, Laxmi, Valid](2)" classname="testCases.TC_01_LoginDDT" time="2.204"/>
  <testcase name="verify_loginDDT[laksh@yahoo.com, Lakshmi, Invalid](3)" classname="testCases.TC_01_LoginDDT" time="2.672">
    <failure message="expected [true] but found [false]" type="java.lang.AssertionError"><![CDATA[java.lang.AssertionError: expected [true] but found [false]
	at org.testng.Assert.fail(Assert.java:111)
	at org.testng.Assert.failNotEquals(Assert.java:1578)
	at org.testng.Assert.assertTrue(Assert.java:57)
	at org.testng.Assert.assertTrue(Assert.java:67)
	at testCases.TC_01_LoginDDT.verify_loginDDT(TC_01_LoginDDT.java:66)
	at java.base/jdk.internal.reflect.NativeMethodAccessorImpl.invoke0(Native Method)
	at java.base/jdk.internal.reflect.NativeMethodAccessorImpl.invoke(NativeMethodAccessorImpl.java:62)
	at java.base/jdk.internal.reflect.DelegatingMethodAccessorImpl.invoke(DelegatingMethodAccessorImpl.java:43)
	at java.base/java.lang.reflect.Method.invoke(Method.java:566)
	at org.testng.internal.invokers.MethodInvocationHelper.invokeMethod(MethodInvocationHelper.java:141)
	at org.testng.internal.invokers.TestInvoker.invokeMethod(TestInvoker.java:686)
	at org.testng.internal.invokers.TestInvoker.invokeTestMethod(TestInvoker.java:230)
	at org.testng.internal.invokers.MethodRunner.runInSequence(MethodRunner.java:63)
	at org.testng.internal.invokers.TestInvoker$MethodInvocationAgent.invoke(TestInvoker.java:992)
	at org.testng.internal.invokers.TestInvoker.invokeTestMethods(TestInvoker.java:203)
	at org.testng.internal.invokers.TestMethodWorker.invokeTestMethods(TestMethodWorker.java:154)
	at org.testng.internal.invokers.TestMethodWorker.run(TestMethodWorker.java:134)
	at java.base/java.util.ArrayList.forEach(ArrayList.java:1541)
	at org.testng.TestRunner.privateRun(TestRunner.java:739)
	at org.testng.TestRunner.run(TestRunner.java:614)
	at org.testng.SuiteRunner.runTest(SuiteRunner.java:421)
	at org.testng.SuiteRunner$SuiteWorker.run(SuiteRunner.java:463)
	at org.testng.internal.thread.ThreadUtil.lambda$execute$0(ThreadUtil.java:64)
	at java.base/java.util.concurrent.FutureTask.run(FutureTask.java:264)
	at java.base/java.util.concurrent.ThreadPoolExecutor.runWorker(ThreadPoolExecutor.java:1128)
	at java.base/java.util.concurrent.ThreadPoolExecutor$Worker.run(ThreadPoolExecutor.java:628)
	at java.base/java.lang.Thread.run(Thread.java:834)
]]></failure>
  </testcase>
  <testcase name="verify_loginDDT[laks@yahoo.com, xyz, Invalid](4)" classname="testCases.TC_01_LoginDDT" time="11.227"/>
  <testcase name="verify_loginDDT[abc123@gmail.com, test@123, Valid](5)" classname="testCases.TC_01_LoginDDT" time="1.772"/>
</testsuite>