<?xml version="1.0" encoding="UTF-8"?>
<!-- Generated by org.testng.reporters.JUnitReportReporter -->
<testsuite hostname="DESKTOP-B5CML8G" failures="0" tests="1" name="testCases.TC_00_RegistrationTest" time="2.775" errors="0" timestamp="2024-11-09T13:04:46 IST" skipped="0">
  <testcase classname="testCases.TC_00_RegistrationTest" name="verfiy_RegistrationTest" time="2.775"/>
</testsuite> <!-- testCases.TC_00_RegistrationTest -->
